<?xml version="1.0" encoding="UTF-8"?>
<!-- Generated by org.testng.reporters.JUnitXMLReporter -->
<testsuite ignored="0" hostname="walkingtree" failures="0" tests="3" name="SeleniumDocker" time="36.119" errors="0" timestamp="24 Sep 2021 06:50:32 GMT">
  <testcase classname="org.wtt.test.SampleConnectGrid" name="f" time="3.164"/>
  <testcase classname="org.wtt.test.SeleniumDocker" name="simpleTest" time="2.781"/>
  <testcase classname="org.wtt.test.SeleniumDocker" name="testCheckBox" time="27.908"/>
</testsuite> <!-- SeleniumDocker -->
