<?xml version="1.0" encoding="UTF-8"?>
<testng-results ignored="0" total="3" passed="3" failed="0" skipped="0">
  <reporter-output>
  </reporter-output>
  <suite started-at="2021-09-24T06:49:56Z" name="SeleniumDockerMaven212" finished-at="2021-09-24T06:50:32Z" duration-ms="36119">
    <groups>
    </groups>
    <test started-at="2021-09-24T06:49:56Z" name="SeleniumDocker" finished-at="2021-09-24T06:50:32Z" duration-ms="36119">
      <class name="org.wtt.test.SampleConnectGrid">
        <test-method signature="f()[pri:0, instance:org.wtt.test.SampleConnectGrid@18d87d80]" started-at="2021-09-24T12:19:57Z" name="f" finished-at="2021-09-24T12:20:01Z" duration-ms="3164" status="PASS">
          <reporter-output>
          </reporter-output>
        </test-method> <!-- f -->
      </class> <!-- org.wtt.test.SampleConnectGrid -->
      <class name="org.wtt.test.SeleniumDocker">
        <test-method is-config="true" signature="setupBeforeSuite(org.testng.ITestContext)[pri:0, instance:org.wtt.test.SeleniumDocker@1af2d44a]" started-at="2021-09-24T12:19:56Z" name="setupBeforeSuite" finished-at="2021-09-24T12:19:56Z" duration-ms="11" status="PASS">
          <params>
            <param index="0">
              <value>
                <![CDATA[org.testng.TestRunner@749f539e]]>
              </value>
            </param>
          </params>
          <reporter-output>
          </reporter-output>
        </test-method> <!-- setupBeforeSuite -->
        <test-method is-config="true" signature="setUp()[pri:0, instance:org.wtt.test.SeleniumDocker@1af2d44a]" started-at="2021-09-24T12:19:56Z" name="setUp" finished-at="2021-09-24T12:19:57Z" duration-ms="1113" status="PASS">
          <reporter-output>
          </reporter-output>
        </test-method> <!-- setUp -->
        <test-method signature="simpleTest()[pri:1, instance:org.wtt.test.SeleniumDocker@1af2d44a]" started-at="2021-09-24T12:20:01Z" name="simpleTest" finished-at="2021-09-24T12:20:04Z" duration-ms="2781" status="PASS">
          <reporter-output>
          </reporter-output>
        </test-method> <!-- simpleTest -->
        <test-method signature="testCheckBox()[pri:2, instance:org.wtt.test.SeleniumDocker@1af2d44a]" started-at="2021-09-24T12:20:04Z" name="testCheckBox" finished-at="2021-09-24T12:20:32Z" duration-ms="27908" status="PASS">
          <reporter-output>
          </reporter-output>
        </test-method> <!-- testCheckBox -->
        <test-method is-config="true" signature="afterTest()[pri:0, instance:org.wtt.test.SeleniumDocker@1af2d44a]" started-at="2021-09-24T12:20:32Z" name="afterTest" finished-at="2021-09-24T12:20:32Z" duration-ms="0" status="PASS">
          <reporter-output>
          </reporter-output>
        </test-method> <!-- afterTest -->
      </class> <!-- org.wtt.test.SeleniumDocker -->
    </test> <!-- SeleniumDocker -->
  </suite> <!-- SeleniumDockerMaven212 -->
</testng-results>
